CRITICAL - 2023-09-24 06:12:30 --> Invalid file: ".php"
in SYSTEMPATH\Exceptions\FrameworkException.php on line 39.
 1 SYSTEMPATH\View\View.php(214): CodeIgniter\Exceptions\FrameworkException::forInvalidFile('.php')
 2 SYSTEMPATH\Common.php(1188): CodeIgniter\View\View->render('', [], true)
 3 APPPATH\Controllers\MusicPlayerController.php(36): view('')
 4 SYSTEMPATH\CodeIgniter.php(919): App\Controllers\MusicPlayerController->searchmusic()
 5 SYSTEMPATH\CodeIgniter.php(494): CodeIgniter\CodeIgniter->runController(Object(App\Controllers\MusicPlayerController))
 6 SYSTEMPATH\CodeIgniter.php(353): CodeIgniter\CodeIgniter->handleRequest(null, Object(Config\Cache), false)
 7 FCPATH\index.php(79): CodeIgniter\CodeIgniter->run()
 8 SYSTEMPATH\Commands\Server\rewrite.php(47): require_once('C:\\laragon\\www\\MusicPlayer_app\\public\\index.php')
CRITICAL - 2023-09-24 06:13:08 --> Invalid file: ".php"
in SYSTEMPATH\Exceptions\FrameworkException.php on line 39.
 1 SYSTEMPATH\View\View.php(214): CodeIgniter\Exceptions\FrameworkException::forInvalidFile('.php')
 2 SYSTEMPATH\Common.php(1188): CodeIgniter\View\View->render('', [], true)
 3 APPPATH\Controllers\MusicPlayerController.php(36): view('')
 4 SYSTEMPATH\CodeIgniter.php(919): App\Controllers\MusicPlayerController->searchmusic()
 5 SYSTEMPATH\CodeIgniter.php(494): CodeIgniter\CodeIgniter->runController(Object(App\Controllers\MusicPlayerController))
 6 SYSTEMPATH\CodeIgniter.php(353): CodeIgniter\CodeIgniter->handleRequest(null, Object(Config\Cache), false)
 7 FCPATH\index.php(79): CodeIgniter\CodeIgniter->run()
 8 SYSTEMPATH\Commands\Server\rewrite.php(47): require_once('C:\\laragon\\www\\MusicPlayer_app\\public\\index.php')
CRITICAL - 2023-09-24 07:58:15 --> syntax error, unexpected token "=", expecting "]"
in APPPATH\Controllers\MusicPlayerController.php on line 43.
 1 SYSTEMPATH\Autoloader\Autoloader.php(285): CodeIgniter\Autoloader\Autoloader->includeFile('C:\\laragon\\www\\MusicPlayer_app\\app\\Controllers\\MusicPlayerController.php')
 2 SYSTEMPATH\Autoloader\Autoloader.php(263): CodeIgniter\Autoloader\Autoloader->loadInNamespace('App\\Controllers\\MusicPlayerController')
 3 [internal function]: CodeIgniter\Autoloader\Autoloader->loadClass('App\\Controllers\\MusicPlayerController')
 4 SYSTEMPATH\CodeIgniter.php(877): class_exists('\\App\\Controllers\\MusicPlayerController', true)
 5 SYSTEMPATH\CodeIgniter.php(481): CodeIgniter\CodeIgniter->startController()
 6 SYSTEMPATH\CodeIgniter.php(353): CodeIgniter\CodeIgniter->handleRequest(null, Object(Config\Cache), false)
 7 FCPATH\index.php(79): CodeIgniter\CodeIgniter->run()
 8 SYSTEMPATH\Commands\Server\rewrite.php(47): require_once('C:\\laragon\\www\\MusicPlayer_app\\public\\index.php')
CRITICAL - 2023-09-24 07:59:24 --> Invalid file: "index.php"
in SYSTEMPATH\Exceptions\FrameworkException.php on line 39.
 1 SYSTEMPATH\View\View.php(214): CodeIgniter\Exceptions\FrameworkException::forInvalidFile('index.php')
 2 SYSTEMPATH\Common.php(1188): CodeIgniter\View\View->render('index', [], true)
 3 APPPATH\Controllers\MusicPlayerController.php(13): view('index')
 4 SYSTEMPATH\CodeIgniter.php(919): App\Controllers\MusicPlayerController->index()
 5 SYSTEMPATH\CodeIgniter.php(494): CodeIgniter\CodeIgniter->runController(Object(App\Controllers\MusicPlayerController))
 6 SYSTEMPATH\CodeIgniter.php(353): CodeIgniter\CodeIgniter->handleRequest(null, Object(Config\Cache), false)
 7 FCPATH\index.php(79): CodeIgniter\CodeIgniter->run()
 8 SYSTEMPATH\Commands\Server\rewrite.php(47): require_once('C:\\laragon\\www\\MusicPlayer_app\\public\\index.php')
CRITICAL - 2023-09-24 07:59:44 --> Invalid file: "index.php"
in SYSTEMPATH\Exceptions\FrameworkException.php on line 39.
 1 SYSTEMPATH\View\View.php(214): CodeIgniter\Exceptions\FrameworkException::forInvalidFile('index.php')
 2 SYSTEMPATH\Common.php(1188): CodeIgniter\View\View->render('index', [], true)
 3 APPPATH\Controllers\MusicPlayerController.php(13): view('index')
 4 SYSTEMPATH\CodeIgniter.php(919): App\Controllers\MusicPlayerController->index()
 5 SYSTEMPATH\CodeIgniter.php(494): CodeIgniter\CodeIgniter->runController(Object(App\Controllers\MusicPlayerController))
 6 SYSTEMPATH\CodeIgniter.php(353): CodeIgniter\CodeIgniter->handleRequest(null, Object(Config\Cache), false)
 7 FCPATH\index.php(79): CodeIgniter\CodeIgniter->run()
 8 SYSTEMPATH\Commands\Server\rewrite.php(47): require_once('C:\\laragon\\www\\MusicPlayer_app\\public\\index.php')
CRITICAL - 2023-09-24 07:59:47 --> Invalid file: "index.php"
in SYSTEMPATH\Exceptions\FrameworkException.php on line 39.
 1 SYSTEMPATH\View\View.php(214): CodeIgniter\Exceptions\FrameworkException::forInvalidFile('index.php')
 2 SYSTEMPATH\Common.php(1188): CodeIgniter\View\View->render('index', [], true)
 3 APPPATH\Controllers\MusicPlayerController.php(13): view('index')
 4 SYSTEMPATH\CodeIgniter.php(919): App\Controllers\MusicPlayerController->index()
 5 SYSTEMPATH\CodeIgniter.php(494): CodeIgniter\CodeIgniter->runController(Object(App\Controllers\MusicPlayerController))
 6 SYSTEMPATH\CodeIgniter.php(353): CodeIgniter\CodeIgniter->handleRequest(null, Object(Config\Cache), false)
 7 FCPATH\index.php(79): CodeIgniter\CodeIgniter->run()
 8 SYSTEMPATH\Commands\Server\rewrite.php(47): require_once('C:\\laragon\\www\\MusicPlayer_app\\public\\index.php')
CRITICAL - 2023-09-24 08:00:01 --> Invalid file: "index.php"
in SYSTEMPATH\Exceptions\FrameworkException.php on line 39.
 1 SYSTEMPATH\View\View.php(214): CodeIgniter\Exceptions\FrameworkException::forInvalidFile('index.php')
 2 SYSTEMPATH\Common.php(1188): CodeIgniter\View\View->render('index', [], true)
 3 APPPATH\Controllers\MusicPlayerController.php(13): view('index')
 4 SYSTEMPATH\CodeIgniter.php(919): App\Controllers\MusicPlayerController->index()
 5 SYSTEMPATH\CodeIgniter.php(494): CodeIgniter\CodeIgniter->runController(Object(App\Controllers\MusicPlayerController))
 6 SYSTEMPATH\CodeIgniter.php(353): CodeIgniter\CodeIgniter->handleRequest(null, Object(Config\Cache), false)
 7 FCPATH\index.php(79): CodeIgniter\CodeIgniter->run()
 8 SYSTEMPATH\Commands\Server\rewrite.php(47): require_once('C:\\laragon\\www\\MusicPlayer_app\\public\\index.php')
CRITICAL - 2023-09-24 08:02:31 --> Call to undefined method App\Models\MusicModel::search
in SYSTEMPATH\Model.php on line 873.
 1 APPPATH\Controllers\MusicPlayerController.php(41): CodeIgniter\Model->__call('search', [...])
 2 SYSTEMPATH\CodeIgniter.php(919): App\Controllers\MusicPlayerController->search()
 3 SYSTEMPATH\CodeIgniter.php(494): CodeIgniter\CodeIgniter->runController(Object(App\Controllers\MusicPlayerController))
 4 SYSTEMPATH\CodeIgniter.php(353): CodeIgniter\CodeIgniter->handleRequest(null, Object(Config\Cache), false)
 5 FCPATH\index.php(79): CodeIgniter\CodeIgniter->run()
 6 SYSTEMPATH\Commands\Server\rewrite.php(47): require_once('C:\\laragon\\www\\MusicPlayer_app\\public\\index.php')
CRITICAL - 2023-09-24 08:03:45 --> Call to undefined method App\Models\MusicModel::search
in SYSTEMPATH\Model.php on line 873.
 1 APPPATH\Controllers\MusicPlayerController.php(41): CodeIgniter\Model->__call('search', [...])
 2 SYSTEMPATH\CodeIgniter.php(919): App\Controllers\MusicPlayerController->searchmusic()
 3 SYSTEMPATH\CodeIgniter.php(494): CodeIgniter\CodeIgniter->runController(Object(App\Controllers\MusicPlayerController))
 4 SYSTEMPATH\CodeIgniter.php(353): CodeIgniter\CodeIgniter->handleRequest(null, Object(Config\Cache), false)
 5 FCPATH\index.php(79): CodeIgniter\CodeIgniter->run()
 6 SYSTEMPATH\Commands\Server\rewrite.php(47): require_once('C:\\laragon\\www\\MusicPlayer_app\\public\\index.php')
CRITICAL - 2023-09-24 08:08:02 --> syntax error, unexpected end of file, expecting "elseif" or "else" or "endif"
in APPPATH\Views\index.php on line 178.
 1 SYSTEMPATH\View\View.php(229): CodeIgniter\View\View->CodeIgniter\View\{closure}()
 2 SYSTEMPATH\Common.php(1188): CodeIgniter\View\View->render('index', [], true)
 3 APPPATH\Controllers\MusicPlayerController.php(13): view('index')
 4 SYSTEMPATH\CodeIgniter.php(919): App\Controllers\MusicPlayerController->index()
 5 SYSTEMPATH\CodeIgniter.php(494): CodeIgniter\CodeIgniter->runController(Object(App\Controllers\MusicPlayerController))
 6 SYSTEMPATH\CodeIgniter.php(353): CodeIgniter\CodeIgniter->handleRequest(null, Object(Config\Cache), false)
 7 FCPATH\index.php(79): CodeIgniter\CodeIgniter->run()
 8 SYSTEMPATH\Commands\Server\rewrite.php(47): require_once('C:\\laragon\\www\\MusicPlayer_app\\public\\index.php')
CRITICAL - 2023-09-24 08:08:12 --> syntax error, unexpected end of file, expecting "elseif" or "else" or "endif"
in APPPATH\Views\index.php on line 178.
 1 SYSTEMPATH\View\View.php(229): CodeIgniter\View\View->CodeIgniter\View\{closure}()
 2 SYSTEMPATH\Common.php(1188): CodeIgniter\View\View->render('index', [], true)
 3 APPPATH\Controllers\MusicPlayerController.php(13): view('index')
 4 SYSTEMPATH\CodeIgniter.php(919): App\Controllers\MusicPlayerController->index()
 5 SYSTEMPATH\CodeIgniter.php(494): CodeIgniter\CodeIgniter->runController(Object(App\Controllers\MusicPlayerController))
 6 SYSTEMPATH\CodeIgniter.php(353): CodeIgniter\CodeIgniter->handleRequest(null, Object(Config\Cache), false)
 7 FCPATH\index.php(79): CodeIgniter\CodeIgniter->run()
 8 SYSTEMPATH\Commands\Server\rewrite.php(47): require_once('C:\\laragon\\www\\MusicPlayer_app\\public\\index.php')
CRITICAL - 2023-09-24 08:48:02 --> syntax error, unexpected token "=", expecting "]"
in APPPATH\Controllers\MusicPlayerController.php on line 34.
 1 SYSTEMPATH\Autoloader\Autoloader.php(285): CodeIgniter\Autoloader\Autoloader->includeFile('C:\\laragon\\www\\MusicPlayer_app\\app\\Controllers\\MusicPlayerController.php')
 2 SYSTEMPATH\Autoloader\Autoloader.php(263): CodeIgniter\Autoloader\Autoloader->loadInNamespace('App\\Controllers\\MusicPlayerController')
 3 [internal function]: CodeIgniter\Autoloader\Autoloader->loadClass('App\\Controllers\\MusicPlayerController')
 4 SYSTEMPATH\CodeIgniter.php(877): class_exists('\\App\\Controllers\\MusicPlayerController', true)
 5 SYSTEMPATH\CodeIgniter.php(481): CodeIgniter\CodeIgniter->startController()
 6 SYSTEMPATH\CodeIgniter.php(353): CodeIgniter\CodeIgniter->handleRequest(null, Object(Config\Cache), false)
 7 FCPATH\index.php(79): CodeIgniter\CodeIgniter->run()
 8 SYSTEMPATH\Commands\Server\rewrite.php(47): require_once('C:\\laragon\\www\\MusicPlayer_app\\public\\index.php')
CRITICAL - 2023-09-24 10:13:16 --> Invalid file: ".php"
in SYSTEMPATH\Exceptions\FrameworkException.php on line 39.
 1 SYSTEMPATH\View\View.php(214): CodeIgniter\Exceptions\FrameworkException::forInvalidFile('.php')
 2 SYSTEMPATH\Common.php(1188): CodeIgniter\View\View->render('', [], true)
 3 APPPATH\Controllers\MusicPlayerController.php(46): view('')
 4 SYSTEMPATH\CodeIgniter.php(919): App\Controllers\MusicPlayerController->createPlaylist()
 5 SYSTEMPATH\CodeIgniter.php(494): CodeIgniter\CodeIgniter->runController(Object(App\Controllers\MusicPlayerController))
 6 SYSTEMPATH\CodeIgniter.php(353): CodeIgniter\CodeIgniter->handleRequest(null, Object(Config\Cache), false)
 7 FCPATH\index.php(79): CodeIgniter\CodeIgniter->run()
 8 SYSTEMPATH\Commands\Server\rewrite.php(47): require_once('C:\\laragon\\www\\MusicPlayer_app\\public\\index.php')
CRITICAL - 2023-09-24 10:13:38 --> Invalid file: ".php"
in SYSTEMPATH\Exceptions\FrameworkException.php on line 39.
 1 SYSTEMPATH\View\View.php(214): CodeIgniter\Exceptions\FrameworkException::forInvalidFile('.php')
 2 SYSTEMPATH\Common.php(1188): CodeIgniter\View\View->render('', [], true)
 3 APPPATH\Controllers\MusicPlayerController.php(46): view('')
 4 SYSTEMPATH\CodeIgniter.php(919): App\Controllers\MusicPlayerController->createPlaylist()
 5 SYSTEMPATH\CodeIgniter.php(494): CodeIgniter\CodeIgniter->runController(Object(App\Controllers\MusicPlayerController))
 6 SYSTEMPATH\CodeIgniter.php(353): CodeIgniter\CodeIgniter->handleRequest(null, Object(Config\Cache), false)
 7 FCPATH\index.php(79): CodeIgniter\CodeIgniter->run()
 8 SYSTEMPATH\Commands\Server\rewrite.php(47): require_once('C:\\laragon\\www\\MusicPlayer_app\\public\\index.php')
CRITICAL - 2023-09-24 10:23:12 --> Undefined variable $playlists
in APPPATH\Views\createPlaylist.php on line 12.
 1 APPPATH\Views\createPlaylist.php(12): CodeIgniter\Debug\Exceptions->errorHandler(2, 'Undefined variable $playlists', 'C:\\laragon\\www\\MusicPlayer_app\\app\\Views\\createPlaylist.php', 12)
 2 SYSTEMPATH\View\View.php(226): include('C:\\laragon\\www\\MusicPlayer_app\\app\\Views\\createPlaylist.php')
 3 SYSTEMPATH\View\View.php(229): CodeIgniter\View\View->CodeIgniter\View\{closure}()
 4 SYSTEMPATH\Common.php(1188): CodeIgniter\View\View->render('createPlaylist', [], true)
 5 APPPATH\Controllers\MusicPlayerController.php(46): view('createPlaylist')
 6 SYSTEMPATH\CodeIgniter.php(919): App\Controllers\MusicPlayerController->createPlaylist()
 7 SYSTEMPATH\CodeIgniter.php(494): CodeIgniter\CodeIgniter->runController(Object(App\Controllers\MusicPlayerController))
 8 SYSTEMPATH\CodeIgniter.php(353): CodeIgniter\CodeIgniter->handleRequest(null, Object(Config\Cache), false)
 9 FCPATH\index.php(79): CodeIgniter\CodeIgniter->run()
10 SYSTEMPATH\Commands\Server\rewrite.php(47): require_once('C:\\laragon\\www\\MusicPlayer_app\\public\\index.php')
CRITICAL - 2023-09-24 10:23:22 --> Undefined variable $playlists
in APPPATH\Views\createPlaylist.php on line 12.
 1 APPPATH\Views\createPlaylist.php(12): CodeIgniter\Debug\Exceptions->errorHandler(2, 'Undefined variable $playlists', 'C:\\laragon\\www\\MusicPlayer_app\\app\\Views\\createPlaylist.php', 12)
 2 SYSTEMPATH\View\View.php(226): include('C:\\laragon\\www\\MusicPlayer_app\\app\\Views\\createPlaylist.php')
 3 SYSTEMPATH\View\View.php(229): CodeIgniter\View\View->CodeIgniter\View\{closure}()
 4 SYSTEMPATH\Common.php(1188): CodeIgniter\View\View->render('createPlaylist', [], true)
 5 APPPATH\Controllers\MusicPlayerController.php(46): view('createPlaylist')
 6 SYSTEMPATH\CodeIgniter.php(919): App\Controllers\MusicPlayerController->createPlaylist()
 7 SYSTEMPATH\CodeIgniter.php(494): CodeIgniter\CodeIgniter->runController(Object(App\Controllers\MusicPlayerController))
 8 SYSTEMPATH\CodeIgniter.php(353): CodeIgniter\CodeIgniter->handleRequest(null, Object(Config\Cache), false)
 9 FCPATH\index.php(79): CodeIgniter\CodeIgniter->run()
10 SYSTEMPATH\Commands\Server\rewrite.php(47): require_once('C:\\laragon\\www\\MusicPlayer_app\\public\\index.php')
CRITICAL - 2023-09-24 10:31:36 --> Undefined variable $playlists
in APPPATH\Views\index.php on line 70.
 1 APPPATH\Views\index.php(70): CodeIgniter\Debug\Exceptions->errorHandler(2, 'Undefined variable $playlists', 'C:\\laragon\\www\\MusicPlayer_app\\app\\Views\\index.php', 70)
 2 SYSTEMPATH\View\View.php(226): include('C:\\laragon\\www\\MusicPlayer_app\\app\\Views\\index.php')
 3 SYSTEMPATH\View\View.php(229): CodeIgniter\View\View->CodeIgniter\View\{closure}()
 4 SYSTEMPATH\Common.php(1188): CodeIgniter\View\View->render('index', [], true)
 5 APPPATH\Controllers\MusicPlayerController.php(13): view('index')
 6 SYSTEMPATH\CodeIgniter.php(919): App\Controllers\MusicPlayerController->index()
 7 SYSTEMPATH\CodeIgniter.php(494): CodeIgniter\CodeIgniter->runController(Object(App\Controllers\MusicPlayerController))
 8 SYSTEMPATH\CodeIgniter.php(353): CodeIgniter\CodeIgniter->handleRequest(null, Object(Config\Cache), false)
 9 FCPATH\index.php(79): CodeIgniter\CodeIgniter->run()
10 SYSTEMPATH\Commands\Server\rewrite.php(47): require_once('C:\\laragon\\www\\MusicPlayer_app\\public\\index.php')
CRITICAL - 2023-09-24 10:31:39 --> Undefined variable $playlists
in APPPATH\Views\index.php on line 70.
 1 APPPATH\Views\index.php(70): CodeIgniter\Debug\Exceptions->errorHandler(2, 'Undefined variable $playlists', 'C:\\laragon\\www\\MusicPlayer_app\\app\\Views\\index.php', 70)
 2 SYSTEMPATH\View\View.php(226): include('C:\\laragon\\www\\MusicPlayer_app\\app\\Views\\index.php')
 3 SYSTEMPATH\View\View.php(229): CodeIgniter\View\View->CodeIgniter\View\{closure}()
 4 SYSTEMPATH\Common.php(1188): CodeIgniter\View\View->render('index', [], true)
 5 APPPATH\Controllers\MusicPlayerController.php(13): view('index')
 6 SYSTEMPATH\CodeIgniter.php(919): App\Controllers\MusicPlayerController->index()
 7 SYSTEMPATH\CodeIgniter.php(494): CodeIgniter\CodeIgniter->runController(Object(App\Controllers\MusicPlayerController))
 8 SYSTEMPATH\CodeIgniter.php(353): CodeIgniter\CodeIgniter->handleRequest(null, Object(Config\Cache), false)
 9 FCPATH\index.php(79): CodeIgniter\CodeIgniter->run()
10 SYSTEMPATH\Commands\Server\rewrite.php(47): require_once('C:\\laragon\\www\\MusicPlayer_app\\public\\index.php')
CRITICAL - 2023-09-24 10:31:53 --> Undefined variable $playlist
in APPPATH\Views\index.php on line 70.
 1 APPPATH\Views\index.php(70): CodeIgniter\Debug\Exceptions->errorHandler(2, 'Undefined variable $playlist', 'C:\\laragon\\www\\MusicPlayer_app\\app\\Views\\index.php', 70)
 2 SYSTEMPATH\View\View.php(226): include('C:\\laragon\\www\\MusicPlayer_app\\app\\Views\\index.php')
 3 SYSTEMPATH\View\View.php(229): CodeIgniter\View\View->CodeIgniter\View\{closure}()
 4 SYSTEMPATH\Common.php(1188): CodeIgniter\View\View->render('index', [], true)
 5 APPPATH\Controllers\MusicPlayerController.php(13): view('index')
 6 SYSTEMPATH\CodeIgniter.php(919): App\Controllers\MusicPlayerController->index()
 7 SYSTEMPATH\CodeIgniter.php(494): CodeIgniter\CodeIgniter->runController(Object(App\Controllers\MusicPlayerController))
 8 SYSTEMPATH\CodeIgniter.php(353): CodeIgniter\CodeIgniter->handleRequest(null, Object(Config\Cache), false)
 9 FCPATH\index.php(79): CodeIgniter\CodeIgniter->run()
10 SYSTEMPATH\Commands\Server\rewrite.php(47): require_once('C:\\laragon\\www\\MusicPlayer_app\\public\\index.php')
CRITICAL - 2023-09-24 12:41:33 --> Call to undefined method App\Models\MusicModel::searchMusic
in SYSTEMPATH\Model.php on line 873.
 1 APPPATH\Controllers\MusicPlayerController.php(40): CodeIgniter\Model->__call('searchMusic', [...])
 2 SYSTEMPATH\CodeIgniter.php(919): App\Controllers\MusicPlayerController->search()
 3 SYSTEMPATH\CodeIgniter.php(494): CodeIgniter\CodeIgniter->runController(Object(App\Controllers\MusicPlayerController))
 4 SYSTEMPATH\CodeIgniter.php(353): CodeIgniter\CodeIgniter->handleRequest(null, Object(Config\Cache), false)
 5 FCPATH\index.php(79): CodeIgniter\CodeIgniter->run()
 6 SYSTEMPATH\Commands\Server\rewrite.php(47): require_once('C:\\laragon\\www\\MusicPlayer_app\\public\\index.php')
CRITICAL - 2023-09-24 13:00:20 --> Invalid file: "/upload.php"
in SYSTEMPATH\Exceptions\FrameworkException.php on line 39.
 1 SYSTEMPATH\View\View.php(214): CodeIgniter\Exceptions\FrameworkException::forInvalidFile('/upload.php')
 2 SYSTEMPATH\Common.php(1188): CodeIgniter\View\View->render('/upload', [], true)
 3 APPPATH\Controllers\MusicPlayerController.php(22): view('/upload', [...])
 4 SYSTEMPATH\CodeIgniter.php(919): App\Controllers\MusicPlayerController->upload()
 5 SYSTEMPATH\CodeIgniter.php(494): CodeIgniter\CodeIgniter->runController(Object(App\Controllers\MusicPlayerController))
 6 SYSTEMPATH\CodeIgniter.php(353): CodeIgniter\CodeIgniter->handleRequest(null, Object(Config\Cache), false)
 7 FCPATH\index.php(79): CodeIgniter\CodeIgniter->run()
 8 SYSTEMPATH\Commands\Server\rewrite.php(47): require_once('C:\\laragon\\www\\MusicPlayer_app\\public\\index.php')
CRITICAL - 2023-09-24 14:26:56 --> Class "App\Controllers\SongModel" not found
in APPPATH\Controllers\MusicController.php on line 24.
 1 SYSTEMPATH\CodeIgniter.php(919): App\Controllers\MusicController->upload()
 2 SYSTEMPATH\CodeIgniter.php(494): CodeIgniter\CodeIgniter->runController(Object(App\Controllers\MusicController))
 3 SYSTEMPATH\CodeIgniter.php(353): CodeIgniter\CodeIgniter->handleRequest(null, Object(Config\Cache), false)
 4 FCPATH\index.php(79): CodeIgniter\CodeIgniter->run()
 5 SYSTEMPATH\Commands\Server\rewrite.php(47): require_once('C:\\laragon\\www\\MusicPlayer_app\\public\\index.php')
CRITICAL - 2023-09-24 14:28:00 --> Call to undefined method App\Models\SongModel::insertSong
in SYSTEMPATH\Model.php on line 873.
 1 APPPATH\Controllers\MusicController.php(30): CodeIgniter\Model->__call('insertSong', [...])
 2 SYSTEMPATH\CodeIgniter.php(919): App\Controllers\MusicController->upload()
 3 SYSTEMPATH\CodeIgniter.php(494): CodeIgniter\CodeIgniter->runController(Object(App\Controllers\MusicController))
 4 SYSTEMPATH\CodeIgniter.php(353): CodeIgniter\CodeIgniter->handleRequest(null, Object(Config\Cache), false)
 5 FCPATH\index.php(79): CodeIgniter\CodeIgniter->run()
 6 SYSTEMPATH\Commands\Server\rewrite.php(47): require_once('C:\\laragon\\www\\MusicPlayer_app\\public\\index.php')
CRITICAL - 2023-09-24 14:28:50 --> Call to undefined method App\Models\SongModel::searchSongs
in SYSTEMPATH\Model.php on line 873.
 1 APPPATH\Controllers\MusicController.php(42): CodeIgniter\Model->__call('searchSongs', [...])
 2 SYSTEMPATH\CodeIgniter.php(919): App\Controllers\MusicController->search()
 3 SYSTEMPATH\CodeIgniter.php(494): CodeIgniter\CodeIgniter->runController(Object(App\Controllers\MusicController))
 4 SYSTEMPATH\CodeIgniter.php(353): CodeIgniter\CodeIgniter->handleRequest(null, Object(Config\Cache), false)
 5 FCPATH\index.php(79): CodeIgniter\CodeIgniter->run()
 6 SYSTEMPATH\Commands\Server\rewrite.php(47): require_once('C:\\laragon\\www\\MusicPlayer_app\\public\\index.php')
CRITICAL - 2023-09-24 15:24:21 --> Call to a member function isValid() on null
in APPPATH\Controllers\MusicPlayerController.php on line 24.
 1 SYSTEMPATH\CodeIgniter.php(919): App\Controllers\MusicPlayerController->upload()
 2 SYSTEMPATH\CodeIgniter.php(494): CodeIgniter\CodeIgniter->runController(Object(App\Controllers\MusicPlayerController))
 3 SYSTEMPATH\CodeIgniter.php(353): CodeIgniter\CodeIgniter->handleRequest(null, Object(Config\Cache), false)
 4 FCPATH\index.php(79): CodeIgniter\CodeIgniter->run()
 5 SYSTEMPATH\Commands\Server\rewrite.php(47): require_once('C:\\laragon\\www\\MusicPlayer_app\\public\\index.php')
